This file contains any messages produced by compilers while
running configure, to aid debugging if configure makes a mistake.

It was created by liballuxio configure 0.1.120, which was
generated by GNU Autoconf 2.69.  Invocation command line was

  $ ../configure --prefix=/BIGDATA/nsccgz_pcheng_1/install/libtdms

## --------- ##
## Platform. ##
## --------- ##

hostname = cn17634-enp5s0
uname -m = x86_64
uname -r = 3.10.0-327.3.1.el7_lustre.x86_64
uname -s = Linux
uname -v = #1 SMP Thu Feb 18 10:53:23 PST 2016

/usr/bin/uname -p = x86_64
/bin/uname -X     = unknown

/bin/arch              = x86_64
/usr/bin/arch -k       = unknown
/usr/convex/getsysinfo = unknown
/usr/bin/hostinfo      = unknown
/bin/machine           = unknown
/usr/bin/oslevel       = unknown
/bin/universe          = unknown

PATH: /usr/local/opt/condor-8.7.2/bin
PATH: /usr/local/opt/condor-8.7.2/sbin
PATH: /root/chengpeng/scala-2.11.7/bin
PATH: /home/condor/Montage/bin
PATH: /root/yixian/apache-hive-1.2.1-bin/bin
PATH: /root/yixian/mahout/bin
PATH: /usr/software/java/jdk1.8.0_121/bin
PATH: /root/chengpeng/hadoop-2.7.3/bin
PATH: /home/condor/alluxio/bin
PATH: /usr/lib64/openmpi/bin
PATH: /root/chengpeng/install/apache-maven-3.5.2/bin
PATH: /home/condor/Montage/bin
PATH: /home/condor/install/sratoolkit.2.8.2/bin
PATH: /usr/local/opt/condor-8.7.2/bin
PATH: /usr/local/opt/condor-8.7.2/sbin
PATH: /usr/local/sbin
PATH: /usr/local/bin
PATH: /usr/sbin
PATH: /usr/bin
PATH: /root/bin


## ----------- ##
## Core tests. ##
## ----------- ##

configure:2610: checking build system type
configure:2624: result: x86_64-unknown-linux-gnu
configure:2644: checking host system type
configure:2657: result: x86_64-unknown-linux-gnu
configure:2678: checking target system type
configure:2691: result: x86_64-unknown-linux-gnu
configure:2741: checking for a BSD-compatible install
configure:2809: result: /usr/bin/install -c
configure:2820: checking whether build environment is sane
configure:2875: result: yes
configure:3026: checking for a thread-safe mkdir -p
configure:3065: result: /usr/bin/mkdir -p
configure:3072: checking for gawk
configure:3088: found /usr/bin/gawk
configure:3099: result: gawk
configure:3110: checking whether make sets $(MAKE)
configure:3132: result: yes
configure:3161: checking whether make supports nested variables
configure:3178: result: yes
configure:3312: checking how to print strings
configure:3339: result: printf
configure:3372: checking for style of include used by make
configure:3400: result: GNU
configure:3471: checking for gcc
configure:3487: found /usr/bin/gcc
configure:3498: result: gcc
configure:3727: checking for C compiler version
configure:3736: gcc --version >&5
gcc (GCC) 4.8.5 20150623 (Red Hat 4.8.5-16)
Copyright (C) 2015 Free Software Foundation, Inc.
This is free software; see the source for copying conditions.  There is NO
warranty; not even for MERCHANTABILITY or FITNESS FOR A PARTICULAR PURPOSE.

configure:3747: $? = 0
configure:3736: gcc -v >&5
Using built-in specs.
COLLECT_GCC=gcc
COLLECT_LTO_WRAPPER=/usr/libexec/gcc/x86_64-redhat-linux/4.8.5/lto-wrapper
Target: x86_64-redhat-linux
Configured with: ../configure --prefix=/usr --mandir=/usr/share/man --infodir=/usr/share/info --with-bugurl=http://bugzilla.redhat.com/bugzilla --enable-bootstrap --enable-shared --enable-threads=posix --enable-checking=release --with-system-zlib --enable-__cxa_atexit --disable-libunwind-exceptions --enable-gnu-unique-object --enable-linker-build-id --with-linker-hash-style=gnu --enable-languages=c,c++,objc,obj-c++,java,fortran,ada,go,lto --enable-plugin --enable-initfini-array --disable-libgcj --with-isl=/builddir/build/BUILD/gcc-4.8.5-20150702/obj-x86_64-redhat-linux/isl-install --with-cloog=/builddir/build/BUILD/gcc-4.8.5-20150702/obj-x86_64-redhat-linux/cloog-install --enable-gnu-indirect-function --with-tune=generic --with-arch_32=x86-64 --build=x86_64-redhat-linux
Thread model: posix
gcc version 4.8.5 20150623 (Red Hat 4.8.5-16) (GCC) 
configure:3747: $? = 0
configure:3736: gcc -V >&5
gcc: error: unrecognized command line option '-V'
gcc: fatal error: no input files
compilation terminated.
configure:3747: $? = 4
configure:3736: gcc -qversion >&5
gcc: error: unrecognized command line option '-qversion'
gcc: fatal error: no input files
compilation terminated.
configure:3747: $? = 4
configure:3767: checking whether the C compiler works
configure:3789: gcc    conftest.c  >&5
configure:3793: $? = 0
configure:3841: result: yes
configure:3844: checking for C compiler default output file name
configure:3846: result: a.out
configure:3852: checking for suffix of executables
configure:3859: gcc -o conftest    conftest.c  >&5
configure:3863: $? = 0
configure:3885: result: 
configure:3907: checking whether we are cross compiling
configure:3915: gcc -o conftest    conftest.c  >&5
configure:3919: $? = 0
configure:3926: ./conftest
configure:3930: $? = 0
configure:3945: result: no
configure:3950: checking for suffix of object files
configure:3972: gcc -c   conftest.c >&5
configure:3976: $? = 0
configure:3997: result: o
configure:4001: checking whether we are using the GNU C compiler
configure:4020: gcc -c   conftest.c >&5
configure:4020: $? = 0
configure:4029: result: yes
configure:4038: checking whether gcc accepts -g
configure:4058: gcc -c -g  conftest.c >&5
configure:4058: $? = 0
configure:4099: result: yes
configure:4116: checking for gcc option to accept ISO C89
configure:4179: gcc  -c -g -O2  conftest.c >&5
configure:4179: $? = 0
configure:4192: result: none needed
configure:4214: checking dependency style of gcc
configure:4325: result: gcc3
configure:4340: checking for a sed that does not truncate output
configure:4404: result: /usr/bin/sed
configure:4422: checking for grep that handles long lines and -e
configure:4480: result: /usr/bin/grep
configure:4485: checking for egrep
configure:4547: result: /usr/bin/grep -E
configure:4552: checking for fgrep
configure:4614: result: /usr/bin/grep -F
configure:4649: checking for ld used by gcc
configure:4716: result: /usr/bin/ld
configure:4723: checking if the linker (/usr/bin/ld) is GNU ld
configure:4738: result: yes
configure:4750: checking for BSD- or MS-compatible name lister (nm)
configure:4799: result: /usr/bin/nm -B
configure:4929: checking the name lister (/usr/bin/nm -B) interface
configure:4936:  -c   conftest.cpp >&5
../configure: line 4937: -c: command not found
configure:4939: /usr/bin/nm -B "conftest.o"
/usr/bin/nm: 'conftest.o': No such file
configure:4942: output
configure:4949: result: BSD nm
configure:4952: checking whether ln -s works
configure:4956: result: yes
configure:4964: checking the maximum length of command line arguments
configure:5094: result: 1572864
configure:5111: checking whether the shell understands some XSI constructs
configure:5121: result: yes
configure:5125: checking whether the shell understands "+="
configure:5131: result: yes
configure:5166: checking how to convert x86_64-unknown-linux-gnu file names to x86_64-unknown-linux-gnu format
configure:5206: result: func_convert_file_noop
configure:5213: checking how to convert x86_64-unknown-linux-gnu file names to toolchain format
configure:5233: result: func_convert_file_noop
configure:5240: checking for /usr/bin/ld option to reload object files
configure:5247: result: -r
configure:5321: checking for objdump
configure:5337: found /usr/bin/objdump
configure:5348: result: objdump
configure:5380: checking how to recognize dependent libraries
configure:5582: result: pass_all
configure:5667: checking for dlltool
configure:5697: result: no
configure:5727: checking how to associate runtime and link libraries
configure:5754: result: printf %s\n
configure:5823: checking for g++
configure:5839: found /usr/bin/g++
configure:5850: result: g++
configure:5877: checking for C++ compiler version
configure:5886: g++ --version >&5
g++ (GCC) 4.8.5 20150623 (Red Hat 4.8.5-16)
Copyright (C) 2015 Free Software Foundation, Inc.
This is free software; see the source for copying conditions.  There is NO
warranty; not even for MERCHANTABILITY or FITNESS FOR A PARTICULAR PURPOSE.

configure:5897: $? = 0
configure:5886: g++ -v >&5
Using built-in specs.
COLLECT_GCC=g++
COLLECT_LTO_WRAPPER=/usr/libexec/gcc/x86_64-redhat-linux/4.8.5/lto-wrapper
Target: x86_64-redhat-linux
Configured with: ../configure --prefix=/usr --mandir=/usr/share/man --infodir=/usr/share/info --with-bugurl=http://bugzilla.redhat.com/bugzilla --enable-bootstrap --enable-shared --enable-threads=posix --enable-checking=release --with-system-zlib --enable-__cxa_atexit --disable-libunwind-exceptions --enable-gnu-unique-object --enable-linker-build-id --with-linker-hash-style=gnu --enable-languages=c,c++,objc,obj-c++,java,fortran,ada,go,lto --enable-plugin --enable-initfini-array --disable-libgcj --with-isl=/builddir/build/BUILD/gcc-4.8.5-20150702/obj-x86_64-redhat-linux/isl-install --with-cloog=/builddir/build/BUILD/gcc-4.8.5-20150702/obj-x86_64-redhat-linux/cloog-install --enable-gnu-indirect-function --with-tune=generic --with-arch_32=x86-64 --build=x86_64-redhat-linux
Thread model: posix
gcc version 4.8.5 20150623 (Red Hat 4.8.5-16) (GCC) 
configure:5897: $? = 0
configure:5886: g++ -V >&5
g++: error: unrecognized command line option '-V'
g++: fatal error: no input files
compilation terminated.
configure:5897: $? = 4
configure:5886: g++ -qversion >&5
g++: error: unrecognized command line option '-qversion'
g++: fatal error: no input files
compilation terminated.
configure:5897: $? = 4
configure:5901: checking whether we are using the GNU C++ compiler
configure:5920: g++ -c   conftest.cpp >&5
configure:5920: $? = 0
configure:5929: result: yes
configure:5938: checking whether g++ accepts -g
configure:5958: g++ -c -g  conftest.cpp >&5
configure:5958: $? = 0
configure:5999: result: yes
configure:6024: checking dependency style of g++
configure:6135: result: gcc3
configure:6200: checking for ar
configure:6216: found /usr/bin/ar
configure:6227: result: ar
configure:6264: checking for archiver @FILE support
configure:6281: g++ -c -g -O2  conftest.cpp >&5
configure:6281: $? = 0
configure:6284: ar cru libconftest.a @conftest.lst >&5
configure:6287: $? = 0
configure:6292: ar cru libconftest.a @conftest.lst >&5
ar: conftest.o: No such file or directory
configure:6295: $? = 1
configure:6307: result: @
configure:6365: checking for strip
configure:6381: found /usr/bin/strip
configure:6392: result: strip
configure:6464: checking for ranlib
configure:6480: found /usr/bin/ranlib
configure:6491: result: ranlib
configure:6593: checking command to parse /usr/bin/nm -B output from gcc object
configure:6713: g++ -c -g -O2  conftest.cpp >&5
configure:6716: $? = 0
configure:6720: /usr/bin/nm -B conftest.o \| sed -n -e 's/^.*[ ]\([ABCDGIRSTW][ABCDGIRSTW]*\)[ ][ ]*\([_A-Za-z][_A-Za-z0-9]*\)$/\1 \2 \2/p' | sed '/ __gnu_lto/d' \> conftest.nm
configure:6723: $? = 0
configure:6789: g++ -o conftest -g -O2   conftest.cpp conftstm.o >&5
configure:6792: $? = 0
configure:6830: result: ok
configure:6867: checking for sysroot
configure:6897: result: no
configure:6975: g++ -c -g -O2  conftest.cpp >&5
configure:6978: $? = 0
configure:7154: checking for mt
configure:7184: result: no
configure:7204: checking if : is a manifest tool
configure:7210: : '-?'
configure:7218: result: no
configure:7860: checking how to run the C preprocessor
configure:7891: gcc -E  conftest.c
configure:7891: $? = 0
configure:7905: gcc -E  conftest.c
conftest.c:11:28: fatal error: ac_nonexistent.h: No such file or directory
 #include <ac_nonexistent.h>
                            ^
compilation terminated.
configure:7905: $? = 1
configure: failed program was:
| /* confdefs.h */
| #define PACKAGE_NAME "liballuxio"
| #define PACKAGE_TARNAME "liballuxio"
| #define PACKAGE_VERSION "0.1.120"
| #define PACKAGE_STRING "liballuxio 0.1.120"
| #define PACKAGE_BUGREPORT "huang@cs.jhu.edu"
| #define PACKAGE_URL ""
| #define PACKAGE "liballuxio"
| #define VERSION "0.1.120"
| /* end confdefs.h.  */
| #include <ac_nonexistent.h>
configure:7930: result: gcc -E
configure:7950: gcc -E  conftest.c
configure:7950: $? = 0
configure:7964: gcc -E  conftest.c
conftest.c:11:28: fatal error: ac_nonexistent.h: No such file or directory
 #include <ac_nonexistent.h>
                            ^
compilation terminated.
configure:7964: $? = 1
configure: failed program was:
| /* confdefs.h */
| #define PACKAGE_NAME "liballuxio"
| #define PACKAGE_TARNAME "liballuxio"
| #define PACKAGE_VERSION "0.1.120"
| #define PACKAGE_STRING "liballuxio 0.1.120"
| #define PACKAGE_BUGREPORT "huang@cs.jhu.edu"
| #define PACKAGE_URL ""
| #define PACKAGE "liballuxio"
| #define VERSION "0.1.120"
| /* end confdefs.h.  */
| #include <ac_nonexistent.h>
configure:7993: checking for ANSI C header files
configure:8013: gcc -c -g -O2  conftest.c >&5
configure:8013: $? = 0
configure:8086: gcc -o conftest -g -O2   conftest.c  >&5
configure:8086: $? = 0
configure:8086: ./conftest
configure:8086: $? = 0
configure:8097: result: yes
configure:8110: checking for sys/types.h
configure:8110: gcc -c -g -O2  conftest.c >&5
configure:8110: $? = 0
configure:8110: result: yes
configure:8110: checking for sys/stat.h
configure:8110: gcc -c -g -O2  conftest.c >&5
configure:8110: $? = 0
configure:8110: result: yes
configure:8110: checking for stdlib.h
configure:8110: gcc -c -g -O2  conftest.c >&5
configure:8110: $? = 0
configure:8110: result: yes
configure:8110: checking for string.h
configure:8110: gcc -c -g -O2  conftest.c >&5
configure:8110: $? = 0
configure:8110: result: yes
configure:8110: checking for memory.h
configure:8110: gcc -c -g -O2  conftest.c >&5
configure:8110: $? = 0
configure:8110: result: yes
configure:8110: checking for strings.h
configure:8110: gcc -c -g -O2  conftest.c >&5
configure:8110: $? = 0
configure:8110: result: yes
configure:8110: checking for inttypes.h
configure:8110: gcc -c -g -O2  conftest.c >&5
configure:8110: $? = 0
configure:8110: result: yes
configure:8110: checking for stdint.h
configure:8110: gcc -c -g -O2  conftest.c >&5
configure:8110: $? = 0
configure:8110: result: yes
configure:8110: checking for unistd.h
configure:8110: gcc -c -g -O2  conftest.c >&5
configure:8110: $? = 0
configure:8110: result: yes
configure:8124: checking for dlfcn.h
configure:8124: gcc -c -g -O2  conftest.c >&5
configure:8124: $? = 0
configure:8124: result: yes
configure:8340: checking for objdir
configure:8355: result: .libs
configure:8626: checking if gcc supports -fno-rtti -fno-exceptions
configure:8644: gcc -c -g -O2  -fno-rtti -fno-exceptions conftest.c >&5
cc1: warning: command line option '-fno-rtti' is valid for C++/ObjC++ but not for C [enabled by default]
configure:8648: $? = 0
configure:8661: result: no
configure:8988: checking for gcc option to produce PIC
configure:8995: result: -fPIC -DPIC
configure:9003: checking if gcc PIC flag -fPIC -DPIC works
configure:9021: gcc -c -g -O2  -fPIC -DPIC -DPIC conftest.c >&5
configure:9025: $? = 0
configure:9038: result: yes
configure:9067: checking if gcc static flag -static works
configure:9095: result: no
configure:9110: checking if gcc supports -c -o file.o
configure:9131: gcc -c -g -O2  -o out/conftest2.o conftest.c >&5
configure:9135: $? = 0
configure:9157: result: yes
configure:9165: checking if gcc supports -c -o file.o
configure:9212: result: yes
configure:9245: checking whether the gcc linker (/usr/bin/ld -m elf_x86_64) supports shared libraries
configure:10398: result: yes
configure:10435: checking whether -lc should be explicitly linked in
configure:10443: gcc -c -g -O2  conftest.c >&5
configure:10446: $? = 0
configure:10461: gcc -shared  -fPIC -DPIC conftest.o  -v -Wl,-soname -Wl,conftest -o conftest 2\>\&1 \| /usr/bin/grep  -lc  \>/dev/null 2\>\&1
configure:10464: $? = 0
configure:10478: result: no
configure:10638: checking dynamic linker characteristics
configure:11149: gcc -o conftest -g -O2   -Wl,-rpath -Wl,/foo conftest.c  >&5
configure:11149: $? = 0
configure:11375: result: GNU/Linux ld.so
configure:11482: checking how to hardcode library paths into programs
configure:11507: result: immediate
configure:12047: checking whether stripping libraries is possible
configure:12052: result: yes
configure:12087: checking if libtool supports shared libraries
configure:12089: result: yes
configure:12092: checking whether to build shared libraries
configure:12113: result: yes
configure:12116: checking whether to build static libraries
configure:12120: result: yes
configure:12143: checking how to run the C++ preprocessor
configure:12170: g++ -E  conftest.cpp
configure:12170: $? = 0
configure:12184: g++ -E  conftest.cpp
conftest.cpp:23:28: fatal error: ac_nonexistent.h: No such file or directory
 #include <ac_nonexistent.h>
                            ^
compilation terminated.
configure:12184: $? = 1
configure: failed program was:
| /* confdefs.h */
| #define PACKAGE_NAME "liballuxio"
| #define PACKAGE_TARNAME "liballuxio"
| #define PACKAGE_VERSION "0.1.120"
| #define PACKAGE_STRING "liballuxio 0.1.120"
| #define PACKAGE_BUGREPORT "huang@cs.jhu.edu"
| #define PACKAGE_URL ""
| #define PACKAGE "liballuxio"
| #define VERSION "0.1.120"
| #define STDC_HEADERS 1
| #define HAVE_SYS_TYPES_H 1
| #define HAVE_SYS_STAT_H 1
| #define HAVE_STDLIB_H 1
| #define HAVE_STRING_H 1
| #define HAVE_MEMORY_H 1
| #define HAVE_STRINGS_H 1
| #define HAVE_INTTYPES_H 1
| #define HAVE_STDINT_H 1
| #define HAVE_UNISTD_H 1
| #define HAVE_DLFCN_H 1
| #define LT_OBJDIR ".libs/"
| /* end confdefs.h.  */
| #include <ac_nonexistent.h>
configure:12209: result: g++ -E
configure:12229: g++ -E  conftest.cpp
configure:12229: $? = 0
configure:12243: g++ -E  conftest.cpp
conftest.cpp:23:28: fatal error: ac_nonexistent.h: No such file or directory
 #include <ac_nonexistent.h>
                            ^
compilation terminated.
configure:12243: $? = 1
configure: failed program was:
| /* confdefs.h */
| #define PACKAGE_NAME "liballuxio"
| #define PACKAGE_TARNAME "liballuxio"
| #define PACKAGE_VERSION "0.1.120"
| #define PACKAGE_STRING "liballuxio 0.1.120"
| #define PACKAGE_BUGREPORT "huang@cs.jhu.edu"
| #define PACKAGE_URL ""
| #define PACKAGE "liballuxio"
| #define VERSION "0.1.120"
| #define STDC_HEADERS 1
| #define HAVE_SYS_TYPES_H 1
| #define HAVE_SYS_STAT_H 1
| #define HAVE_STDLIB_H 1
| #define HAVE_STRING_H 1
| #define HAVE_MEMORY_H 1
| #define HAVE_STRINGS_H 1
| #define HAVE_INTTYPES_H 1
| #define HAVE_STDINT_H 1
| #define HAVE_UNISTD_H 1
| #define HAVE_DLFCN_H 1
| #define LT_OBJDIR ".libs/"
| /* end confdefs.h.  */
| #include <ac_nonexistent.h>
configure:12412: checking for ld used by g++
configure:12479: result: /usr/bin/ld -m elf_x86_64
configure:12486: checking if the linker (/usr/bin/ld -m elf_x86_64) is GNU ld
configure:12501: result: yes
configure:12556: checking whether the g++ linker (/usr/bin/ld -m elf_x86_64) supports shared libraries
configure:13561: result: yes
configure:13597: g++ -c -g -O2  conftest.cpp >&5
configure:13600: $? = 0
configure:14120: checking for g++ option to produce PIC
configure:14127: result: -fPIC -DPIC
configure:14135: checking if g++ PIC flag -fPIC -DPIC works
configure:14153: g++ -c -g -O2  -fPIC -DPIC -DPIC conftest.cpp >&5
configure:14157: $? = 0
configure:14170: result: yes
configure:14193: checking if g++ static flag -static works
configure:14221: result: no
configure:14233: checking if g++ supports -c -o file.o
configure:14254: g++ -c -g -O2  -o out/conftest2.o conftest.cpp >&5
configure:14258: $? = 0
configure:14280: result: yes
configure:14285: checking if g++ supports -c -o file.o
configure:14332: result: yes
configure:14362: checking whether the g++ linker (/usr/bin/ld -m elf_x86_64) supports shared libraries
configure:14398: result: yes
configure:14539: checking dynamic linker characteristics
configure:15210: result: GNU/Linux ld.so
configure:15263: checking how to hardcode library paths into programs
configure:15288: result: immediate
configure:15357: checking whether g++ supports C++11 features by default
configure:15651: g++ -c -g -O2  conftest.cpp >&5
conftest.cpp:34:2: error: #error "This is not a C++11 compiler"
 #error "This is not a C++11 compiler"
  ^
configure:15651: $? = 1
configure: failed program was:
| /* confdefs.h */
| #define PACKAGE_NAME "liballuxio"
| #define PACKAGE_TARNAME "liballuxio"
| #define PACKAGE_VERSION "0.1.120"
| #define PACKAGE_STRING "liballuxio 0.1.120"
| #define PACKAGE_BUGREPORT "huang@cs.jhu.edu"
| #define PACKAGE_URL ""
| #define PACKAGE "liballuxio"
| #define VERSION "0.1.120"
| #define STDC_HEADERS 1
| #define HAVE_SYS_TYPES_H 1
| #define HAVE_SYS_STAT_H 1
| #define HAVE_STDLIB_H 1
| #define HAVE_STRING_H 1
| #define HAVE_MEMORY_H 1
| #define HAVE_STRINGS_H 1
| #define HAVE_INTTYPES_H 1
| #define HAVE_STDINT_H 1
| #define HAVE_UNISTD_H 1
| #define HAVE_DLFCN_H 1
| #define LT_OBJDIR ".libs/"
| /* end confdefs.h.  */
| 
| 
| // If the compiler admits that it is not ready for C++11, why torture it?
| // Hopefully, this will speed up the test.
| 
| #ifndef __cplusplus
| 
| #error "This is not a C++ compiler"
| 
| #elif __cplusplus < 201103L
| 
| #error "This is not a C++11 compiler"
| 
| #else
| 
| namespace cxx11
| {
| 
|   namespace test_static_assert
|   {
| 
|     template <typename T>
|     struct check
|     {
|       static_assert(sizeof(int) <= sizeof(T), "not big enough");
|     };
| 
|   }
| 
|   namespace test_final_override
|   {
| 
|     struct Base
|     {
|       virtual void f() {}
|     };
| 
|     struct Derived : public Base
|     {
|       virtual void f() override {}
|     };
| 
|   }
| 
|   namespace test_double_right_angle_brackets
|   {
| 
|     template < typename T >
|     struct check {};
| 
|     typedef check<void> single_type;
|     typedef check<check<void>> double_type;
|     typedef check<check<check<void>>> triple_type;
|     typedef check<check<check<check<void>>>> quadruple_type;
| 
|   }
| 
|   namespace test_decltype
|   {
| 
|     int
|     f()
|     {
|       int a = 1;
|       decltype(a) b = 2;
|       return a + b;
|     }
| 
|   }
| 
|   namespace test_type_deduction
|   {
| 
|     template < typename T1, typename T2 >
|     struct is_same
|     {
|       static const bool value = false;
|     };
| 
|     template < typename T >
|     struct is_same<T, T>
|     {
|       static const bool value = true;
|     };
| 
|     template < typename T1, typename T2 >
|     auto
|     add(T1 a1, T2 a2) -> decltype(a1 + a2)
|     {
|       return a1 + a2;
|     }
| 
|     int
|     test(const int c, volatile int v)
|     {
|       static_assert(is_same<int, decltype(0)>::value == true, "");
|       static_assert(is_same<int, decltype(c)>::value == false, "");
|       static_assert(is_same<int, decltype(v)>::value == false, "");
|       auto ac = c;
|       auto av = v;
|       auto sumi = ac + av + 'x';
|       auto sumf = ac + av + 1.0;
|       static_assert(is_same<int, decltype(ac)>::value == true, "");
|       static_assert(is_same<int, decltype(av)>::value == true, "");
|       static_assert(is_same<int, decltype(sumi)>::value == true, "");
|       static_assert(is_same<int, decltype(sumf)>::value == false, "");
|       static_assert(is_same<int, decltype(add(c, v))>::value == true, "");
|       return (sumf > 0.0) ? sumi : add(c, v);
|     }
| 
|   }
| 
|   namespace test_noexcept
|   {
| 
|     int f() { return 0; }
|     int g() noexcept { return 0; }
| 
|     static_assert(noexcept(f()) == false, "");
|     static_assert(noexcept(g()) == true, "");
| 
|   }
| 
|   namespace test_constexpr
|   {
| 
|     template < typename CharT >
|     unsigned long constexpr
|     strlen_c_r(const CharT *const s, const unsigned long acc) noexcept
|     {
|       return *s ? strlen_c_r(s + 1, acc + 1) : acc;
|     }
| 
|     template < typename CharT >
|     unsigned long constexpr
|     strlen_c(const CharT *const s) noexcept
|     {
|       return strlen_c_r(s, 0UL);
|     }
| 
|     static_assert(strlen_c("") == 0UL, "");
|     static_assert(strlen_c("1") == 1UL, "");
|     static_assert(strlen_c("example") == 7UL, "");
|     static_assert(strlen_c("another\0example") == 7UL, "");
| 
|   }
| 
|   namespace test_rvalue_references
|   {
| 
|     template < int N >
|     struct answer
|     {
|       static constexpr int value = N;
|     };
| 
|     answer<1> f(int&)       { return answer<1>(); }
|     answer<2> f(const int&) { return answer<2>(); }
|     answer<3> f(int&&)      { return answer<3>(); }
| 
|     void
|     test()
|     {
|       int i = 0;
|       const int c = 0;
|       static_assert(decltype(f(i))::value == 1, "");
|       static_assert(decltype(f(c))::value == 2, "");
|       static_assert(decltype(f(0))::value == 3, "");
|     }
| 
|   }
| 
|   namespace test_uniform_initialization
|   {
| 
|     struct test
|     {
|       static const int zero {};
|       static const int one {1};
|     };
| 
|     static_assert(test::zero == 0, "");
|     static_assert(test::one == 1, "");
| 
|   }
| 
|   namespace test_lambdas
|   {
| 
|     void
|     test1()
|     {
|       auto lambda1 = [](){};
|       auto lambda2 = lambda1;
|       lambda1();
|       lambda2();
|     }
| 
|     int
|     test2()
|     {
|       auto a = [](int i, int j){ return i + j; }(1, 2);
|       auto b = []() -> int { return '0'; }();
|       auto c = [=](){ return a + b; }();
|       auto d = [&](){ return c; }();
|       auto e = [a, &b](int x) mutable {
|         const auto identity = [](int y){ return y; };
|         for (auto i = 0; i < a; ++i)
|           a += b--;
|         return x + identity(a + b);
|       }(0);
|       return a + b + c + d + e;
|     }
| 
|     int
|     test3()
|     {
|       const auto nullary = [](){ return 0; };
|       const auto unary = [](int x){ return x; };
|       using nullary_t = decltype(nullary);
|       using unary_t = decltype(unary);
|       const auto higher1st = [](nullary_t f){ return f(); };
|       const auto higher2nd = [unary](nullary_t f1){
|         return [unary, f1](unary_t f2){ return f2(unary(f1())); };
|       };
|       return higher1st(nullary) + higher2nd(nullary)(unary);
|     }
| 
|   }
| 
|   namespace test_variadic_templates
|   {
| 
|     template <int...>
|     struct sum;
| 
|     template <int N0, int... N1toN>
|     struct sum<N0, N1toN...>
|     {
|       static constexpr auto value = N0 + sum<N1toN...>::value;
|     };
| 
|     template <>
|     struct sum<>
|     {
|       static constexpr auto value = 0;
|     };
| 
|     static_assert(sum<>::value == 0, "");
|     static_assert(sum<1>::value == 1, "");
|     static_assert(sum<23>::value == 23, "");
|     static_assert(sum<1, 2>::value == 3, "");
|     static_assert(sum<5, 5, 11>::value == 21, "");
|     static_assert(sum<2, 3, 5, 7, 11, 13>::value == 41, "");
| 
|   }
| 
|   // http://stackoverflow.com/questions/13728184/template-aliases-and-sfinae
|   // Clang 3.1 fails with headers of libstd++ 4.8.3 when using std::function
|   // because of this.
|   namespace test_template_alias_sfinae
|   {
| 
|     struct foo {};
| 
|     template<typename T>
|     using member = typename T::member_type;
| 
|     template<typename T>
|     void func(...) {}
| 
|     template<typename T>
|     void func(member<T>*) {}
| 
|     void test();
| 
|     void test() { func<foo>(0); }
| 
|   }
| 
| }  // namespace cxx11
| 
| #endif  // __cplusplus >= 201103L
| 
| 
| 
configure:15658: result: no
configure:15667: checking whether g++ supports C++11 features with -std=gnu++11
configure:15963: g++ -std=gnu++11 -c -g -O2  conftest.cpp >&5
configure:15963: $? = 0
configure:15972: result: yes
configure:16329: creating ./config.lt

## ------------------ ##
## Running config.lt. ##
## ------------------ ##
config.lt:681: creating libtool
configure:18075: checking for C++ compiler version
configure:18084: g++ -std=gnu++11 --version >&5
g++ (GCC) 4.8.5 20150623 (Red Hat 4.8.5-16)
Copyright (C) 2015 Free Software Foundation, Inc.
This is free software; see the source for copying conditions.  There is NO
warranty; not even for MERCHANTABILITY or FITNESS FOR A PARTICULAR PURPOSE.

configure:18095: $? = 0
configure:18084: g++ -std=gnu++11 -v >&5
Using built-in specs.
COLLECT_GCC=g++
COLLECT_LTO_WRAPPER=/usr/libexec/gcc/x86_64-redhat-linux/4.8.5/lto-wrapper
Target: x86_64-redhat-linux
Configured with: ../configure --prefix=/usr --mandir=/usr/share/man --infodir=/usr/share/info --with-bugurl=http://bugzilla.redhat.com/bugzilla --enable-bootstrap --enable-shared --enable-threads=posix --enable-checking=release --with-system-zlib --enable-__cxa_atexit --disable-libunwind-exceptions --enable-gnu-unique-object --enable-linker-build-id --with-linker-hash-style=gnu --enable-languages=c,c++,objc,obj-c++,java,fortran,ada,go,lto --enable-plugin --enable-initfini-array --disable-libgcj --with-isl=/builddir/build/BUILD/gcc-4.8.5-20150702/obj-x86_64-redhat-linux/isl-install --with-cloog=/builddir/build/BUILD/gcc-4.8.5-20150702/obj-x86_64-redhat-linux/cloog-install --enable-gnu-indirect-function --with-tune=generic --with-arch_32=x86-64 --build=x86_64-redhat-linux
Thread model: posix
gcc version 4.8.5 20150623 (Red Hat 4.8.5-16) (GCC) 
configure:18095: $? = 0
configure:18084: g++ -std=gnu++11 -V >&5
g++: error: unrecognized command line option '-V'
g++: fatal error: no input files
compilation terminated.
configure:18095: $? = 4
configure:18084: g++ -std=gnu++11 -qversion >&5
g++: error: unrecognized command line option '-qversion'
g++: fatal error: no input files
compilation terminated.
configure:18095: $? = 4
configure:18099: checking whether we are using the GNU C++ compiler
configure:18127: result: yes
configure:18136: checking whether g++ -std=gnu++11 accepts -g
configure:18197: result: yes
configure:18222: checking dependency style of g++ -std=gnu++11
configure:18333: result: gcc3
configure:18396: checking for gcc
configure:18423: result: gcc
configure:18652: checking for C compiler version
configure:18661: gcc --version >&5
gcc (GCC) 4.8.5 20150623 (Red Hat 4.8.5-16)
Copyright (C) 2015 Free Software Foundation, Inc.
This is free software; see the source for copying conditions.  There is NO
warranty; not even for MERCHANTABILITY or FITNESS FOR A PARTICULAR PURPOSE.

configure:18672: $? = 0
configure:18661: gcc -v >&5
Using built-in specs.
COLLECT_GCC=gcc
COLLECT_LTO_WRAPPER=/usr/libexec/gcc/x86_64-redhat-linux/4.8.5/lto-wrapper
Target: x86_64-redhat-linux
Configured with: ../configure --prefix=/usr --mandir=/usr/share/man --infodir=/usr/share/info --with-bugurl=http://bugzilla.redhat.com/bugzilla --enable-bootstrap --enable-shared --enable-threads=posix --enable-checking=release --with-system-zlib --enable-__cxa_atexit --disable-libunwind-exceptions --enable-gnu-unique-object --enable-linker-build-id --with-linker-hash-style=gnu --enable-languages=c,c++,objc,obj-c++,java,fortran,ada,go,lto --enable-plugin --enable-initfini-array --disable-libgcj --with-isl=/builddir/build/BUILD/gcc-4.8.5-20150702/obj-x86_64-redhat-linux/isl-install --with-cloog=/builddir/build/BUILD/gcc-4.8.5-20150702/obj-x86_64-redhat-linux/cloog-install --enable-gnu-indirect-function --with-tune=generic --with-arch_32=x86-64 --build=x86_64-redhat-linux
Thread model: posix
gcc version 4.8.5 20150623 (Red Hat 4.8.5-16) (GCC) 
configure:18672: $? = 0
configure:18661: gcc -V >&5
gcc: error: unrecognized command line option '-V'
gcc: fatal error: no input files
compilation terminated.
configure:18672: $? = 4
configure:18661: gcc -qversion >&5
gcc: error: unrecognized command line option '-qversion'
gcc: fatal error: no input files
compilation terminated.
configure:18672: $? = 4
configure:18676: checking whether we are using the GNU C compiler
configure:18704: result: yes
configure:18713: checking whether gcc accepts -g
configure:18774: result: yes
configure:18791: checking for gcc option to accept ISO C89
configure:18867: result: none needed
configure:18889: checking dependency style of gcc
configure:19000: result: gcc3
configure:19018: checking JAVA_HOME
configure:19026: checking for javac
configure:19044: found /usr/software/java/jdk1.8.0_121/bin/javac
configure:19057: result: /usr/software/java/jdk1.8.0_121/bin/javac
configure:19067: checking for java
configure:19085: found /usr/software/java/jdk1.8.0_121/bin/java
configure:19098: result: /usr/software/java/jdk1.8.0_121/bin/java
configure:19110: checking 'java.home' system property in Java 
configure:19122: result: /usr/software/java/jdk1.8.0_121/jre
configure:19142: using JAVA_HOME=/usr/software/java/jdk1.8.0_121
configure:19162: checking JNI_INCLUDES
configure:19172: checking JNI_LDFLAGS
configure:19204: checking if we can build with JNI
libtool: link: g++ -std=gnu++11 -I/usr/software/java/jdk1.8.0_121/include -I/usr/software/java/jdk1.8.0_121/include/linux -o conftest conftest.cc -Wl,-ljvm  -L/usr/software/java/jdk1.8.0_121/jre/lib/amd64/server -Wl,-rpath -Wl,/usr/software/java/jdk1.8.0_121/jre/lib/amd64/server
configure:19224: result: yes
configure:19235: checking for stdint.h
configure:19235: result: yes
configure:19235: checking for stdlib.h
configure:19235: result: yes
configure:19235: checking for string.h
configure:19235: result: yes
configure:19247: checking for stdbool.h that conforms to C99
configure:19314: g++ -std=gnu++11 -c -g -O2  conftest.cpp >&5
configure:19314: $? = 0
configure:19321: result: yes
configure:19323: checking for _Bool
configure:19323: g++ -std=gnu++11 -c -g -O2  conftest.cpp >&5
conftest.cpp: In function 'int main()':
conftest.cpp:63:13: error: '_Bool' was not declared in this scope
 if (sizeof (_Bool))
             ^
configure:19323: $? = 1
configure: failed program was:
| /* confdefs.h */
| #define PACKAGE_NAME "liballuxio"
| #define PACKAGE_TARNAME "liballuxio"
| #define PACKAGE_VERSION "0.1.120"
| #define PACKAGE_STRING "liballuxio 0.1.120"
| #define PACKAGE_BUGREPORT "huang@cs.jhu.edu"
| #define PACKAGE_URL ""
| #define PACKAGE "liballuxio"
| #define VERSION "0.1.120"
| #define STDC_HEADERS 1
| #define HAVE_SYS_TYPES_H 1
| #define HAVE_SYS_STAT_H 1
| #define HAVE_STDLIB_H 1
| #define HAVE_STRING_H 1
| #define HAVE_MEMORY_H 1
| #define HAVE_STRINGS_H 1
| #define HAVE_INTTYPES_H 1
| #define HAVE_STDINT_H 1
| #define HAVE_UNISTD_H 1
| #define HAVE_DLFCN_H 1
| #define LT_OBJDIR ".libs/"
| #define HAVE_CXX11 1
| #define HAVE_STDINT_H 1
| #define HAVE_STDLIB_H 1
| #define HAVE_STRING_H 1
| /* end confdefs.h.  */
| #include <stdio.h>
| #ifdef HAVE_SYS_TYPES_H
| # include <sys/types.h>
| #endif
| #ifdef HAVE_SYS_STAT_H
| # include <sys/stat.h>
| #endif
| #ifdef STDC_HEADERS
| # include <stdlib.h>
| # include <stddef.h>
| #else
| # ifdef HAVE_STDLIB_H
| #  include <stdlib.h>
| # endif
| #endif
| #ifdef HAVE_STRING_H
| # if !defined STDC_HEADERS && defined HAVE_MEMORY_H
| #  include <memory.h>
| # endif
| # include <string.h>
| #endif
| #ifdef HAVE_STRINGS_H
| # include <strings.h>
| #endif
| #ifdef HAVE_INTTYPES_H
| # include <inttypes.h>
| #endif
| #ifdef HAVE_STDINT_H
| # include <stdint.h>
| #endif
| #ifdef HAVE_UNISTD_H
| # include <unistd.h>
| #endif
| int
| main ()
| {
| if (sizeof (_Bool))
| 	 return 0;
|   ;
|   return 0;
| }
configure:19323: result: no
configure:19334: checking for inline
configure:19350: g++ -std=gnu++11 -c -g -O2  conftest.cpp >&5
configure:19350: $? = 0
configure:19358: result: inline
configure:19376: checking for size_t
configure:19376: g++ -std=gnu++11 -c -g -O2  conftest.cpp >&5
configure:19376: $? = 0
configure:19376: g++ -std=gnu++11 -c -g -O2  conftest.cpp >&5
conftest.cpp: In function 'int main()':
conftest.cpp:63:20: error: expected primary-expression before ')' token
 if (sizeof ((size_t)))
                    ^
configure:19376: $? = 1
configure: failed program was:
| /* confdefs.h */
| #define PACKAGE_NAME "liballuxio"
| #define PACKAGE_TARNAME "liballuxio"
| #define PACKAGE_VERSION "0.1.120"
| #define PACKAGE_STRING "liballuxio 0.1.120"
| #define PACKAGE_BUGREPORT "huang@cs.jhu.edu"
| #define PACKAGE_URL ""
| #define PACKAGE "liballuxio"
| #define VERSION "0.1.120"
| #define STDC_HEADERS 1
| #define HAVE_SYS_TYPES_H 1
| #define HAVE_SYS_STAT_H 1
| #define HAVE_STDLIB_H 1
| #define HAVE_STRING_H 1
| #define HAVE_MEMORY_H 1
| #define HAVE_STRINGS_H 1
| #define HAVE_INTTYPES_H 1
| #define HAVE_STDINT_H 1
| #define HAVE_UNISTD_H 1
| #define HAVE_DLFCN_H 1
| #define LT_OBJDIR ".libs/"
| #define HAVE_CXX11 1
| #define HAVE_STDINT_H 1
| #define HAVE_STDLIB_H 1
| #define HAVE_STRING_H 1
| /* end confdefs.h.  */
| #include <stdio.h>
| #ifdef HAVE_SYS_TYPES_H
| # include <sys/types.h>
| #endif
| #ifdef HAVE_SYS_STAT_H
| # include <sys/stat.h>
| #endif
| #ifdef STDC_HEADERS
| # include <stdlib.h>
| # include <stddef.h>
| #else
| # ifdef HAVE_STDLIB_H
| #  include <stdlib.h>
| # endif
| #endif
| #ifdef HAVE_STRING_H
| # if !defined STDC_HEADERS && defined HAVE_MEMORY_H
| #  include <memory.h>
| # endif
| # include <string.h>
| #endif
| #ifdef HAVE_STRINGS_H
| # include <strings.h>
| #endif
| #ifdef HAVE_INTTYPES_H
| # include <inttypes.h>
| #endif
| #ifdef HAVE_STDINT_H
| # include <stdint.h>
| #endif
| #ifdef HAVE_UNISTD_H
| # include <unistd.h>
| #endif
| int
| main ()
| {
| if (sizeof ((size_t)))
| 	    return 0;
|   ;
|   return 0;
| }
configure:19376: result: yes
configure:19387: checking for uint32_t
configure:19387: g++ -std=gnu++11 -c -g -O2  conftest.cpp >&5
configure:19387: $? = 0
configure:19387: result: yes
configure:19405: checking for stdlib.h
configure:19405: result: yes
configure:19415: checking for GNU libc compatible malloc
configure:19439: g++ -std=gnu++11 -o conftest -g -O2   conftest.cpp  >&5
configure:19439: $? = 0
configure:19439: ./conftest
configure:19439: $? = 0
configure:19449: result: yes
configure:19473: checking for mkdir
configure:19473: g++ -std=gnu++11 -o conftest -g -O2   conftest.cpp  >&5
configure:19473: $? = 0
configure:19473: result: yes
configure:19473: checking for strdup
configure:19473: g++ -std=gnu++11 -o conftest -g -O2   conftest.cpp  >&5
configure:19473: $? = 0
configure:19473: result: yes
configure:19629: checking that generated files are newer than configure
configure:19635: result: done
configure:19670: creating ./config.status

## ---------------------- ##
## Running config.status. ##
## ---------------------- ##

This file was extended by liballuxio config.status 0.1.120, which was
generated by GNU Autoconf 2.69.  Invocation command line was

  CONFIG_FILES    = 
  CONFIG_HEADERS  = 
  CONFIG_LINKS    = 
  CONFIG_COMMANDS = 
  $ ./config.status 

on cn17634-enp5s0

config.status:1080: creating Makefile
config.status:1080: creating src/Makefile
config.status:1237: executing depfiles commands
config.status:1237: executing libtool commands

## ---------------- ##
## Cache variables. ##
## ---------------- ##

ac_cv_build=x86_64-unknown-linux-gnu
ac_cv_c_compiler_gnu=yes
ac_cv_c_inline=inline
ac_cv_c_uint32_t=yes
ac_cv_cxx_compiler_gnu=yes
ac_cv_env_CCC_set=
ac_cv_env_CCC_value=
ac_cv_env_CC_set=
ac_cv_env_CC_value=
ac_cv_env_CFLAGS_set=
ac_cv_env_CFLAGS_value=
ac_cv_env_CPPFLAGS_set=
ac_cv_env_CPPFLAGS_value=
ac_cv_env_CPP_set=
ac_cv_env_CPP_value=
ac_cv_env_CXXCPP_set=
ac_cv_env_CXXCPP_value=
ac_cv_env_CXXFLAGS_set=
ac_cv_env_CXXFLAGS_value=
ac_cv_env_CXX_set=
ac_cv_env_CXX_value=
ac_cv_env_JAVA_HOME_set=
ac_cv_env_JAVA_HOME_value=
ac_cv_env_JNI_INCLUDES_set=
ac_cv_env_JNI_INCLUDES_value=
ac_cv_env_JNI_LDFLAGS_set=
ac_cv_env_JNI_LDFLAGS_value=
ac_cv_env_LDFLAGS_set=
ac_cv_env_LDFLAGS_value=
ac_cv_env_LIBS_set=
ac_cv_env_LIBS_value=
ac_cv_env_build_alias_set=
ac_cv_env_build_alias_value=
ac_cv_env_host_alias_set=
ac_cv_env_host_alias_value=
ac_cv_env_target_alias_set=
ac_cv_env_target_alias_value=
ac_cv_func_malloc_0_nonnull=yes
ac_cv_func_mkdir=yes
ac_cv_func_strdup=yes
ac_cv_header_dlfcn_h=yes
ac_cv_header_inttypes_h=yes
ac_cv_header_memory_h=yes
ac_cv_header_stdbool_h=yes
ac_cv_header_stdc=yes
ac_cv_header_stdint_h=yes
ac_cv_header_stdlib_h=yes
ac_cv_header_string_h=yes
ac_cv_header_strings_h=yes
ac_cv_header_sys_stat_h=yes
ac_cv_header_sys_types_h=yes
ac_cv_header_unistd_h=yes
ac_cv_host=x86_64-unknown-linux-gnu
ac_cv_objext=o
ac_cv_path_EGREP='/usr/bin/grep -E'
ac_cv_path_FGREP='/usr/bin/grep -F'
ac_cv_path_GREP=/usr/bin/grep
ac_cv_path_JAVA=/usr/software/java/jdk1.8.0_121/bin/java
ac_cv_path_JAVAC=/usr/software/java/jdk1.8.0_121/bin/javac
ac_cv_path_SED=/usr/bin/sed
ac_cv_path_install='/usr/bin/install -c'
ac_cv_path_mkdir=/usr/bin/mkdir
ac_cv_prog_AWK=gawk
ac_cv_prog_CPP='gcc -E'
ac_cv_prog_CXXCPP='g++ -E'
ac_cv_prog_ac_ct_AR=ar
ac_cv_prog_ac_ct_CC=gcc
ac_cv_prog_ac_ct_CXX=g++
ac_cv_prog_ac_ct_OBJDUMP=objdump
ac_cv_prog_ac_ct_RANLIB=ranlib
ac_cv_prog_ac_ct_STRIP=strip
ac_cv_prog_cc_c89=
ac_cv_prog_cc_g=yes
ac_cv_prog_cxx_g=yes
ac_cv_prog_make_make_set=yes
ac_cv_target=x86_64-unknown-linux-gnu
ac_cv_type__Bool=no
ac_cv_type_size_t=yes
am_cv_CC_dependencies_compiler_type=gcc3
am_cv_CXX_dependencies_compiler_type=gcc3
am_cv_make_support_nested_variables=yes
ax_cv_cxx_compile_cxx11=no
ax_cv_cxx_compile_cxx11__std_gnupp11=yes
lt_cv_ar_at_file=@
lt_cv_archive_cmds_need_lc=no
lt_cv_deplibs_check_method=pass_all
lt_cv_file_magic_cmd='$MAGIC_CMD'
lt_cv_file_magic_test_file=
lt_cv_ld_reload_flag=-r
lt_cv_nm_interface='BSD nm'
lt_cv_objdir=.libs
lt_cv_path_LD=/usr/bin/ld
lt_cv_path_LDCXX='/usr/bin/ld -m elf_x86_64'
lt_cv_path_NM='/usr/bin/nm -B'
lt_cv_path_mainfest_tool=no
lt_cv_prog_compiler_c_o=yes
lt_cv_prog_compiler_c_o_CXX=yes
lt_cv_prog_compiler_pic='-fPIC -DPIC'
lt_cv_prog_compiler_pic_CXX='-fPIC -DPIC'
lt_cv_prog_compiler_pic_works=yes
lt_cv_prog_compiler_pic_works_CXX=yes
lt_cv_prog_compiler_rtti_exceptions=no
lt_cv_prog_compiler_static_works=no
lt_cv_prog_compiler_static_works_CXX=no
lt_cv_prog_gnu_ld=yes
lt_cv_prog_gnu_ldcxx=yes
lt_cv_sharedlib_from_linklib_cmd='printf %s\n'
lt_cv_shlibpath_overrides_runpath=no
lt_cv_sys_global_symbol_pipe='sed -n -e '\''s/^.*[	 ]\([ABCDGIRSTW][ABCDGIRSTW]*\)[	 ][	 ]*\([_A-Za-z][_A-Za-z0-9]*\)$/\1 \2 \2/p'\'' | sed '\''/ __gnu_lto/d'\'''
lt_cv_sys_global_symbol_to_c_name_address='sed -n -e '\''s/^: \([^ ]*\)[ ]*$/  {\"\1\", (void *) 0},/p'\'' -e '\''s/^[ABCDGIRSTW]* \([^ ]*\) \([^ ]*\)$/  {"\2", (void *) \&\2},/p'\'''
lt_cv_sys_global_symbol_to_c_name_address_lib_prefix='sed -n -e '\''s/^: \([^ ]*\)[ ]*$/  {\"\1\", (void *) 0},/p'\'' -e '\''s/^[ABCDGIRSTW]* \([^ ]*\) \(lib[^ ]*\)$/  {"\2", (void *) \&\2},/p'\'' -e '\''s/^[ABCDGIRSTW]* \([^ ]*\) \([^ ]*\)$/  {"lib\2", (void *) \&\2},/p'\'''
lt_cv_sys_global_symbol_to_cdecl='sed -n -e '\''s/^T .* \(.*\)$/extern int \1();/p'\'' -e '\''s/^[ABCDGIRSTW]* .* \(.*\)$/extern char \1;/p'\'''
lt_cv_sys_max_cmd_len=1572864
lt_cv_to_host_file_cmd=func_convert_file_noop
lt_cv_to_tool_file_cmd=func_convert_file_noop

## ----------------- ##
## Output variables. ##
## ----------------- ##

ACLOCAL='${SHELL} /home/condor/src/liballuxio-master/missing aclocal-1.13'
AMDEPBACKSLASH='\'
AMDEP_FALSE='#'
AMDEP_TRUE=''
AMTAR='$${TAR-tar}'
AM_BACKSLASH='\'
AM_DEFAULT_V='$(AM_DEFAULT_VERBOSITY)'
AM_DEFAULT_VERBOSITY='1'
AM_V='$(V)'
AR='ar'
AUTOCONF='${SHELL} /home/condor/src/liballuxio-master/missing autoconf'
AUTOHEADER='${SHELL} /home/condor/src/liballuxio-master/missing autoheader'
AUTOMAKE='${SHELL} /home/condor/src/liballuxio-master/missing automake-1.13'
AWK='gawk'
CC='gcc'
CCDEPMODE='depmode=gcc3'
CFLAGS='-g -O2'
CPP='gcc -E'
CPPFLAGS=''
CXX='g++ -std=gnu++11'
CXXCPP='g++ -E -std=gnu++11'
CXXDEPMODE='depmode=gcc3'
CXXFLAGS='-g -O2'
CYGPATH_W='echo'
DEFS='-DPACKAGE_NAME=\"liballuxio\" -DPACKAGE_TARNAME=\"liballuxio\" -DPACKAGE_VERSION=\"0.1.120\" -DPACKAGE_STRING=\"liballuxio\ 0.1.120\" -DPACKAGE_BUGREPORT=\"huang@cs.jhu.edu\" -DPACKAGE_URL=\"\" -DPACKAGE=\"liballuxio\" -DVERSION=\"0.1.120\" -DSTDC_HEADERS=1 -DHAVE_SYS_TYPES_H=1 -DHAVE_SYS_STAT_H=1 -DHAVE_STDLIB_H=1 -DHAVE_STRING_H=1 -DHAVE_MEMORY_H=1 -DHAVE_STRINGS_H=1 -DHAVE_INTTYPES_H=1 -DHAVE_STDINT_H=1 -DHAVE_UNISTD_H=1 -DHAVE_DLFCN_H=1 -DLT_OBJDIR=\".libs/\" -DHAVE_CXX11=1 -DHAVE_STDINT_H=1 -DHAVE_STDLIB_H=1 -DHAVE_STRING_H=1 -DHAVE_STDLIB_H=1 -DHAVE_MALLOC=1 -DHAVE_MKDIR=1 -DHAVE_STRDUP=1'
DEPDIR='.deps'
DLLTOOL='false'
DSYMUTIL=''
DUMPBIN=''
ECHO_C=''
ECHO_N='-n'
ECHO_T=''
EGREP='/usr/bin/grep -E'
EXEEXT=''
FGREP='/usr/bin/grep -F'
GREP='/usr/bin/grep'
HAVE_CXX11='1'
INSTALL_DATA='${INSTALL} -m 644'
INSTALL_PROGRAM='${INSTALL}'
INSTALL_SCRIPT='${INSTALL}'
INSTALL_STRIP_PROGRAM='$(install_sh) -c -s'
JAVA='/usr/software/java/jdk1.8.0_121/bin/java'
JAVAC='/usr/software/java/jdk1.8.0_121/bin/javac'
JAVA_HOME='/usr/software/java/jdk1.8.0_121'
JNI_INCLUDES='-I/usr/software/java/jdk1.8.0_121/include -I/usr/software/java/jdk1.8.0_121/include/linux'
JNI_LDFLAGS='-L/usr/software/java/jdk1.8.0_121/jre/lib/amd64/server -R/usr/software/java/jdk1.8.0_121/jre/lib/amd64/server -Wl,-ljvm'
LD='/usr/bin/ld -m elf_x86_64'
LDFLAGS=''
LIBOBJS=''
LIBS=''
LIBTOOL='$(SHELL) $(top_builddir)/libtool'
LIPO=''
LN_S='ln -s'
LTLIBOBJS=''
MAKEINFO='${SHELL} /home/condor/src/liballuxio-master/missing makeinfo'
MANIFEST_TOOL=':'
MKDIR_P='/usr/bin/mkdir -p'
NM='/usr/bin/nm -B'
NMEDIT=''
OBJDUMP='objdump'
OBJEXT='o'
OTOOL64=''
OTOOL=''
PACKAGE='liballuxio'
PACKAGE_BUGREPORT='huang@cs.jhu.edu'
PACKAGE_NAME='liballuxio'
PACKAGE_STRING='liballuxio 0.1.120'
PACKAGE_TARNAME='liballuxio'
PACKAGE_URL=''
PACKAGE_VERSION='0.1.120'
PATH_SEPARATOR=':'
PRODUCT_MK=''
RANLIB='ranlib'
SED='/usr/bin/sed'
SET_MAKE=''
SHELL='/bin/sh'
STRIP='strip'
VERSION='0.1.120'
ac_ct_AR='ar'
ac_ct_CC='gcc'
ac_ct_CXX='g++'
ac_ct_DUMPBIN=''
am__EXEEXT_FALSE=''
am__EXEEXT_TRUE='#'
am__fastdepCC_FALSE='#'
am__fastdepCC_TRUE=''
am__fastdepCXX_FALSE='#'
am__fastdepCXX_TRUE=''
am__include='include'
am__isrc=' -I$(srcdir)'
am__leading_dot='.'
am__nodep='_no'
am__quote=''
am__tar='$${TAR-tar} chof - "$$tardir"'
am__untar='$${TAR-tar} xf -'
bindir='${exec_prefix}/bin'
build='x86_64-unknown-linux-gnu'
build_alias=''
build_cpu='x86_64'
build_os='linux-gnu'
build_vendor='unknown'
datadir='${datarootdir}'
datarootdir='${prefix}/share'
docdir='${datarootdir}/doc/${PACKAGE_TARNAME}'
dvidir='${docdir}'
exec_prefix='${prefix}'
host='x86_64-unknown-linux-gnu'
host_alias=''
host_cpu='x86_64'
host_os='linux-gnu'
host_vendor='unknown'
htmldir='${docdir}'
includedir='${prefix}/include'
infodir='${datarootdir}/info'
install_sh='${SHELL} /home/condor/src/liballuxio-master/install-sh'
libdir='${exec_prefix}/lib'
libexecdir='${exec_prefix}/libexec'
localedir='${datarootdir}/locale'
localstatedir='${prefix}/var'
mandir='${datarootdir}/man'
mkdir_p='$(MKDIR_P)'
oldincludedir='/usr/include'
pdfdir='${docdir}'
prefix='/BIGDATA/nsccgz_pcheng_1/install/libtdms'
program_transform_name='s,x,x,'
psdir='${docdir}'
sbindir='${exec_prefix}/sbin'
sharedstatedir='${prefix}/com'
sysconfdir='${prefix}/etc'
target='x86_64-unknown-linux-gnu'
target_alias=''
target_cpu='x86_64'
target_os='linux-gnu'
target_vendor='unknown'

## ----------- ##
## confdefs.h. ##
## ----------- ##

/* confdefs.h */
#define PACKAGE_NAME "liballuxio"
#define PACKAGE_TARNAME "liballuxio"
#define PACKAGE_VERSION "0.1.120"
#define PACKAGE_STRING "liballuxio 0.1.120"
#define PACKAGE_BUGREPORT "huang@cs.jhu.edu"
#define PACKAGE_URL ""
#define PACKAGE "liballuxio"
#define VERSION "0.1.120"
#define STDC_HEADERS 1
#define HAVE_SYS_TYPES_H 1
#define HAVE_SYS_STAT_H 1
#define HAVE_STDLIB_H 1
#define HAVE_STRING_H 1
#define HAVE_MEMORY_H 1
#define HAVE_STRINGS_H 1
#define HAVE_INTTYPES_H 1
#define HAVE_STDINT_H 1
#define HAVE_UNISTD_H 1
#define HAVE_DLFCN_H 1
#define LT_OBJDIR ".libs/"
#define HAVE_CXX11 1
#define HAVE_STDINT_H 1
#define HAVE_STDLIB_H 1
#define HAVE_STRING_H 1
#define HAVE_STDLIB_H 1
#define HAVE_MALLOC 1
#define HAVE_MKDIR 1
#define HAVE_STRDUP 1

configure: exit 0
